<?xml version="1.0" encoding="UTF-8"?>
<testng-results ignored="0" total="1" passed="1" failed="0" skipped="0">
  <reporter-output>
  </reporter-output>
  <suite started-at="2024-09-30T23:00:24 IST" name="Default suite" finished-at="2024-09-30T23:00:44 IST" duration-ms="19885">
    <groups>
    </groups>
    <test started-at="2024-09-30T23:00:24 IST" name="Default test" finished-at="2024-09-30T23:00:44 IST" duration-ms="19885">
      <class name="pageObjectModel.UpdateProfile">
        <test-method signature="updateProfile()[pri:0, instance:pageObjectModel.UpdateProfile@59662a0b]" started-at="2024-09-30T23:00:24 IST" name="updateProfile" finished-at="2024-09-30T23:00:44 IST" duration-ms="19825" status="PASS">
          <reporter-output>
          </reporter-output>
        </test-method> <!-- updateProfile -->
      </class> <!-- pageObjectModel.UpdateProfile -->
    </test> <!-- Default test -->
  </suite> <!-- Default suite -->
</testng-results>
